#
# A fatal error has been detected by the Java Runtime Environment:
#
#  EXCEPTION_ACCESS_VIOLATION (0xc0000005) at pc=0x000000007340a0a5, pid=5752, tid=0x000000000000112c
#
# JRE version: Java(TM) SE Runtime Environment (8.0_101-b13) (build 1.8.0_101-b13)
# Java VM: Java HotSpot(TM) 64-Bit Server VM (25.101-b13 mixed mode windows-amd64 compressed oops)
# Problematic frame:
# V  [jvm.dll+0x12a0a5]
#
# Failed to write core dump. Minidumps are not enabled by default on client versions of Windows
#
# If you would like to submit a bug report, please visit:
#   http://bugreport.java.com/bugreport/crash.jsp
#

---------------  T H R E A D  ---------------

Current thread (0x0000000015eec000):  JavaThread "JDWP Transport Listener: dt_socket" daemon [_thread_in_vm, id=4396, stack(0x00000000164e0000,0x00000000165e0000)]

siginfo: ExceptionCode=0xc0000005, reading address 0xffffffffffffffff

Registers:
RAX=0x00000000165df401, RBX=0x0000000015eec000, RCX=0x656c6665722f676e, RDX=0x0000000000000000
RSP=0x00000000165df3f0, RBP=0x656c6665722f676e, RSI=0x00000000165df508, RDI=0x0000000000437e50
R8 =0x0000000015eec000, R9 =0x0000000000008000, R10=0x0000000000000000, R11=0x00000000165df641
R12=0x0000000000000000, R13=0x0000000015eeca68, R14=0x0000000000000000, R15=0x0000000000000000
RIP=0x000000007340a0a5, EFLAGS=0x0000000000010202

Top of Stack: (sp=0x00000000165df3f0)
0x00000000165df3f0:   0000000015eec000 0000000015eec000
0x00000000165df400:   00000000165df4b8 0000000073612f0b
0x00000000165df410:   0000000015eec000 000000007362f76d
0x00000000165df420:   0000000000000000 0000000073c69155
0x00000000165df430:   00000000160100d0 0000000073c7291e
0x00000000165df440:   0000000015eec000 0000000000000000
0x00000000165df450:   0000000000000000 0000000000000000
0x00000000165df460:   656c6665722f676e 0000000073c71a15
0x00000000165df470:   00000000165df508 00000000165df4e0
0x00000000165df480:   0000000000000001 00000000160100d0
0x00000000165df490:   656c6665722f676e 0000000073c553b3
0x00000000165df4a0:   00000000165df5d0 0000000000000001
0x00000000165df4b0:   0000000000000001 00000000160100d0
0x00000000165df4c0:   0000000000000001 0000000000000000
0x00000000165df4d0:   0000000000000000 0000000000000000
0x00000000165df4e0:   0000000000000001 0000000073c55571 

Instructions: (pc=0x000000007340a0a5)
0x000000007340a085:   cc cc cc cc cc cc cc cc cc cc cc 48 83 ec 28 48
0x000000007340a095:   85 c9 75 07 33 c0 48 83 c4 28 c3 48 89 5c 24 20
0x000000007340a0a5:   48 8b 19 48 85 db 74 20 48 83 fb 37 74 1a 48 8b
0x000000007340a0b5:   13 48 8b cb ff 52 10 84 c0 74 0d 48 8b c3 48 8b 


Register to memory mapping:

RAX=0x00000000165df401 is pointing into the stack for thread: 0x0000000015eec000
RBX=0x0000000015eec000 is a thread
RCX=0x656c6665722f676e is an unknown value
RDX=0x0000000000000000 is an unknown value
RSP=0x00000000165df3f0 is pointing into the stack for thread: 0x0000000015eec000
RBP=0x656c6665722f676e is an unknown value
RSI=0x00000000165df508 is pointing into the stack for thread: 0x0000000015eec000
RDI=0x0000000000437e50 is an unknown value
R8 =0x0000000015eec000 is a thread
R9 =0x0000000000008000 is an unknown value
R10=0x0000000000000000 is an unknown value
R11=0x00000000165df641 is pointing into the stack for thread: 0x0000000015eec000
R12=0x0000000000000000 is an unknown value
R13=0x0000000015eeca68 is an unknown value
R14=0x0000000000000000 is an unknown value
R15=0x0000000000000000 is an unknown value


Stack: [0x00000000164e0000,0x00000000165e0000],  sp=0x00000000165df3f0,  free space=1020k
Native frames: (J=compiled Java code, j=interpreted, Vv=VM code, C=native code)
V  [jvm.dll+0x12a0a5]
V  [jvm.dll+0x34f76d]
C  [jdwp.dll+0x21a15]
C  [jdwp.dll+0x53b3]
C  [jdwp.dll+0x5571]
C  [jdwp.dll+0xf0a8]
C  [jdwp.dll+0x1f2d5]
C  [jdwp.dll+0x1f4aa]
V  [jvm.dll+0x1bd258]
V  [jvm.dll+0x2451a4]
V  [jvm.dll+0x29c18a]
C  [msvcr100.dll+0x21d9f]
C  [msvcr100.dll+0x21e3b]
C  [KERNEL32.DLL+0x13d2]
C  [ntdll.dll+0x154e4]


---------------  P R O C E S S  ---------------

Java Threads: ( => current thread )
  0x0000000015f83000 JavaThread "Service Thread" daemon [_thread_blocked, id=6960, stack(0x0000000016ae0000,0x0000000016be0000)]
  0x0000000015f14800 JavaThread "C1 CompilerThread2" daemon [_thread_blocked, id=3552, stack(0x00000000169e0000,0x0000000016ae0000)]
  0x0000000015f0f000 JavaThread "C2 CompilerThread1" daemon [_thread_blocked, id=6128, stack(0x00000000168e0000,0x00000000169e0000)]
  0x0000000015f0e000 JavaThread "C2 CompilerThread0" daemon [_thread_blocked, id=5296, stack(0x00000000167e0000,0x00000000168e0000)]
  0x0000000015eff000 JavaThread "JDWP Command Reader" daemon [_thread_in_native, id=3920, stack(0x00000000166e0000,0x00000000167e0000)]
  0x0000000015efc000 JavaThread "JDWP Event Helper Thread" daemon [_thread_blocked, id=3020, stack(0x00000000165e0000,0x00000000166e0000)]
=>0x0000000015eec000 JavaThread "JDWP Transport Listener: dt_socket" daemon [_thread_in_vm, id=4396, stack(0x00000000164e0000,0x00000000165e0000)]
  0x000000001486b800 JavaThread "Attach Listener" daemon [_thread_blocked, id=2572, stack(0x00000000163e0000,0x00000000164e0000)]
  0x0000000015ee8800 JavaThread "Signal Dispatcher" daemon [_thread_blocked, id=2580, stack(0x00000000162e0000,0x00000000163e0000)]
  0x00000000021fe800 JavaThread "Finalizer" daemon [_thread_blocked, id=3408, stack(0x0000000015a60000,0x0000000015b60000)]
  0x00000000021f3000 JavaThread "Reference Handler" daemon [_thread_blocked, id=664, stack(0x0000000015960000,0x0000000015a60000)]
  0x000000000043e000 JavaThread "main" [_thread_blocked, id=2056, stack(0x0000000001d00000,0x0000000001e00000)]

Other Threads:
  0x00000000147d7800 VMThread [stack: 0x0000000015860000,0x0000000015960000] [id=6476]
  0x0000000015ff6000 WatcherThread [stack: 0x0000000016be0000,0x0000000016ce0000] [id=5080]

VM state:not at safepoint (normal execution)

VM Mutex/Monitor currently owned by a thread: None

Heap:
 PSYoungGen      total 18944K, used 1966K [0x00000000eb180000, 0x00000000ec680000, 0x0000000100000000)
  eden space 16384K, 12% used [0x00000000eb180000,0x00000000eb36baf8,0x00000000ec180000)
  from space 2560K, 0% used [0x00000000ec400000,0x00000000ec400000,0x00000000ec680000)
  to   space 2560K, 0% used [0x00000000ec180000,0x00000000ec180000,0x00000000ec400000)
 ParOldGen       total 44032K, used 0K [0x00000000c1400000, 0x00000000c3f00000, 0x00000000eb180000)
  object space 44032K, 0% used [0x00000000c1400000,0x00000000c1400000,0x00000000c3f00000)
 Metaspace       used 2892K, capacity 4566K, committed 4864K, reserved 1056768K
  class space    used 307K, capacity 390K, committed 512K, reserved 1048576K

Card table byte_map: [0x00000000115c0000,0x00000000117c0000] byte_map_base: 0x0000000010fb6000

Marking Bits: (ParMarkBitMap*) 0x0000000073afa6d0
 Begin Bits: [0x0000000011d10000, 0x0000000012cc0000)
 End Bits:   [0x0000000012cc0000, 0x0000000013c70000)

Polling page: 0x0000000000410000

CodeCache: size=245760Kb used=1114Kb max_used=1114Kb free=244645Kb
 bounds [0x0000000002200000, 0x0000000002470000, 0x0000000011200000]
 total_blobs=255 nmethods=29 adapters=148
 compilation: enabled

Compilation events (10 events):
Event: 0.108 Thread 0x0000000015f14800   25       3       java.lang.String::indexOf (7 bytes)
Event: 0.109 Thread 0x0000000015f14800 nmethod 25 0x000000000230f8d0 code [0x000000000230fa40, 0x000000000230fc68]
Event: 0.109 Thread 0x0000000015f14800   26       3       java.lang.AbstractStringBuilder::append (50 bytes)
Event: 0.109 Thread 0x0000000015f14800 nmethod 26 0x0000000002312e90 code [0x0000000002313020, 0x0000000002313528]
Event: 0.114 Thread 0x0000000015f14800   27       3       java.lang.System::getSecurityManager (4 bytes)
Event: 0.114 Thread 0x0000000015f14800 nmethod 27 0x0000000002313b10 code [0x0000000002313c60, 0x0000000002313d90]
Event: 0.115 Thread 0x0000000015f14800   28   !   3       java.io.BufferedReader::readLine (304 bytes)
Event: 0.116 Thread 0x0000000015f14800 nmethod 28 0x0000000002313e10 code [0x00000000023140c0, 0x00000000023159a8]
Event: 0.116 Thread 0x0000000015f14800   29       3       java.lang.StringBuilder::append (8 bytes)
Event: 0.116 Thread 0x0000000015f14800 nmethod 29 0x0000000002316850 code [0x00000000023169c0, 0x0000000002316b68]

GC Heap History (0 events):
No events

Deoptimization events (0 events):
No events

Internal exceptions (2 events):
Event: 0.030 Thread 0x000000000043e000 Exception <a 'java/lang/NoSuchMethodError': Method sun.misc.Unsafe.defineClass(Ljava/lang/String;[BII)Ljava/lang/Class; name or signature does not match> (0x00000000eb187cc0) thrown at [C:\re\workspace\8-2-build-windows-amd64-cygwin\jdk8u101\7261\hotspot\s≈¨5Q¡û?
Event: 0.030 Thread 0x000000000043e000 Exception <a 'java/lang/NoSuchMethodError': Method sun.misc.Unsafe.prefetchRead(Ljava/lang/Object;J)V name or signature does not match> (0x00000000eb187fa8) thrown at [C:\re\workspace\8-2-build-windows-amd64-cygwin\jdk8u101\7261\hotspot\src\share\vm\prims\

Events (10 events):
Event: 587.375 Executing VM operation: GetCurrentLocation
Event: 587.375 Executing VM operation: GetCurrentLocation done
Event: 587.375 Executing VM operation: ChangeSingleStep
Event: 587.375 Executing VM operation: ChangeSingleStep done
Event: 587.375 Executing VM operation: ChangeSingleStep
Event: 587.376 Executing VM operation: ChangeSingleStep done
Event: 694.263 Executing VM operation: RedefineClasses
Event: 694.263 Executing VM operation: RedefineClasses done
Event: 708.902 Executing VM operation: RedefineClasses
Event: 708.902 Executing VM operation: RedefineClasses done


Dynamic libraries:
0x00007ff74d440000 - 0x00007ff74d477000 	C:\Program Files\Java\jdk1.8.0_101\bin\javaw.exe
0x00007ffb419b0000 - 0x00007ffb41b5d000 	C:\Windows\SYSTEM32\ntdll.dll
0x00007ffb3f640000 - 0x00007ffb3f77e000 	C:\Windows\system32\KERNEL32.DLL
0x00007ffb3e9e0000 - 0x00007ffb3eaf5000 	C:\Windows\system32\KERNELBASE.dll
0x00007ffb3d2f0000 - 0x00007ffb3d37e000 	C:\Windows\system32\apphelp.dll
0x00007ffb3b6f0000 - 0x00007ffb3b743000 	C:\Windows\AppPatch\AppPatch64\AcGenral.DLL
0x00007ffb3fdc0000 - 0x00007ffb3fe6a000 	C:\Windows\system32\msvcrt.dll
0x00007ffb3e9b0000 - 0x00007ffb3e9de000 	C:\Windows\system32\SspiCli.dll
0x00007ffb3f9c0000 - 0x00007ffb3fa14000 	C:\Windows\system32\SHLWAPI.dll
0x00007ffb3fa20000 - 0x00007ffb3fb97000 	C:\Windows\system32\USER32.dll
0x00007ffb3f210000 - 0x00007ffb3f3a4000 	C:\Windows\system32\ole32.dll
0x00007ffb40320000 - 0x00007ffb4184b000 	C:\Windows\system32\SHELL32.dll
0x00007ffb3dcc0000 - 0x00007ffb3dce1000 	C:\Windows\SYSTEM32\USERENV.dll
0x00007ffb3eff0000 - 0x00007ffb3f09a000 	C:\Windows\system32\ADVAPI32.dll
0x00007ffb3bc20000 - 0x00007ffb3bc3e000 	C:\Windows\SYSTEM32\MPR.dll
0x00007ffb3f7c0000 - 0x00007ffb3f900000 	C:\Windows\system32\RPCRT4.dll
0x00007ffb3fba0000 - 0x00007ffb3fbf9000 	C:\Windows\SYSTEM32\sechost.dll
0x00007ffb3f3b0000 - 0x00007ffb3f5c1000 	C:\Windows\SYSTEM32\combase.dll
0x00007ffb3f0b0000 - 0x00007ffb3f1ff000 	C:\Windows\system32\GDI32.dll
0x00007ffb3e6e0000 - 0x00007ffb3e6f5000 	C:\Windows\SYSTEM32\profapi.dll
0x00007ffb3cca0000 - 0x00007ffb3cd52000 	C:\Windows\SYSTEM32\SHCORE.dll
0x00007ffb3f780000 - 0x00007ffb3f7b6000 	C:\Windows\system32\IMM32.DLL
0x00007ffb3ee10000 - 0x00007ffb3ef62000 	C:\Windows\system32\MSCTF.dll
0x00007ffb3e690000 - 0x00007ffb3e6c2000 	C:\Windows\system32\nvinitx.dll
0x00007ffb3c820000 - 0x00007ffb3ca9a000 	C:\Windows\WinSxS\amd64_microsoft.windows.common-controls_6595b64144ccf1df_6.0.9600.17810_none_6240b9c7ecbd0bda\COMCTL32.dll
0x0000000073c90000 - 0x0000000073d62000 	C:\Program Files\Java\jdk1.8.0_101\jre\bin\msvcr100.dll
0x00000000732e0000 - 0x0000000073b7a000 	C:\Program Files\Java\jdk1.8.0_101\jre\bin\server\jvm.dll
0x00007ffb364f0000 - 0x00007ffb364f9000 	C:\Windows\SYSTEM32\WSOCK32.dll
0x00007ffb3e880000 - 0x00007ffb3e8a2000 	C:\Windows\system32\WINMM.dll
0x00007ffb3bbf0000 - 0x00007ffb3bbfa000 	C:\Windows\SYSTEM32\VERSION.dll
0x00007ffb3fff0000 - 0x00007ffb3fff7000 	C:\Windows\system32\PSAPI.DLL
0x00007ffb3ef90000 - 0x00007ffb3efea000 	C:\Windows\system32\WS2_32.dll
0x00007ffb3e7c0000 - 0x00007ffb3e7ea000 	C:\Windows\system32\WINMMBASE.dll
0x00007ffb3f0a0000 - 0x00007ffb3f0a9000 	C:\Windows\system32\NSI.dll
0x00007ffb3ece0000 - 0x00007ffb3ed2f000 	C:\Windows\SYSTEM32\cfgmgr32.dll
0x00007ffb3e790000 - 0x00007ffb3e7b8000 	C:\Windows\system32\DEVOBJ.dll
0x00000000746f0000 - 0x00000000746ff000 	C:\Program Files\Java\jdk1.8.0_101\jre\bin\verify.dll
0x00000000746c0000 - 0x00000000746e9000 	C:\Program Files\Java\jdk1.8.0_101\jre\bin\java.dll
0x0000000073c50000 - 0x0000000073c85000 	C:\Program Files\Java\jdk1.8.0_101\jre\bin\jdwp.dll
0x0000000073c40000 - 0x0000000073c48000 	C:\Program Files\Java\jdk1.8.0_101\jre\bin\npt.dll
0x00000000746a0000 - 0x00000000746b6000 	C:\Program Files\Java\jdk1.8.0_101\jre\bin\zip.dll
0x0000000073c30000 - 0x0000000073c39000 	C:\Program Files\Java\jdk1.8.0_101\jre\bin\dt_socket.dll
0x00007ffb33e30000 - 0x00007ffb33e45000 	C:\Windows\system32\napinsp.dll
0x00007ffb33e10000 - 0x00007ffb33e2a000 	C:\Windows\system32\pnrpnsp.dll
0x00007ffb396e0000 - 0x00007ffb396fb000 	C:\Windows\system32\NLAapi.dll
0x00007ffb3df30000 - 0x00007ffb3df89000 	C:\Windows\System32\mswsock.dll
0x00007ffb3dd30000 - 0x00007ffb3ddd4000 	C:\Windows\SYSTEM32\DNSAPI.dll
0x00007ffb33e00000 - 0x00007ffb33e0d000 	C:\Windows\System32\winrnr.dll
0x00007ffb38820000 - 0x00007ffb3888b000 	C:\Windows\System32\fwpuclnt.dll
0x00007ffb364e0000 - 0x00007ffb364ea000 	C:\Windows\System32\rasadhlp.dll
0x00007ffb35a60000 - 0x00007ffb35bea000 	C:\Windows\SYSTEM32\dbghelp.dll

VM Arguments:
jvm_args: -agentlib:jdwp=transport=dt_socket,suspend=y,address=localhost:51868 -Dfile.encoding=UTF-8 
java_command: com.wxl.Main
java_class_path (initial): D:\JAVA\project\FloatChartTree\bin
Launcher Type: SUN_STANDARD

Environment Variables:
JAVA_HOME=C:\Program Files\Java\jdk1.8.0_101
CLASSPATH=.;C:\Program Files\Java\jdk1.8.0_101\lib;
PATH=C:\Program Files\Java\jdk1.8.0_101\jre\bin;C:/Program Files/Java/jre1.8.0_101/bin/server;C:/Program Files/Java/jre1.8.0_101/bin;C:/Program Files/Java/jre1.8.0_101/lib/amd64;C:\Windows\system32;C:\Windows;C:\Windows\System32\Wbem;C:\Windows\System32\WindowsPowerShell\v1.0\;C:\Program Files\ATI Technologies\ATI.ACE\Core-Static;C:\ProgramData\Oracle\Java\javapath;C:\Program Files\Java\jdk1.8.0_101\bin;C:\Program Files\Java\jdk1.8.0_101\bin;C:\Program Files\MySQL\MySQL Utilities 1.6\;D:\TortoiseSVN\bin;C:\Users\fanfan\AppData\Local\GitHub\PortableGit_624c8416ee51e205b3f892d1d904e06e6f3c57c8\cmd;D:\Program Files\nodejs\;C:\Program Files\Git\cmd;C:\Users\fanfan\AppData\Roaming\npm;.;;D:\eclipse;;.;
USERNAME=fanfan
OS=Windows_NT
PROCESSOR_IDENTIFIER=Intel64 Family 6 Model 60 Stepping 3, GenuineIntel



---------------  S Y S T E M  ---------------

OS: Windows 8.1 , 64 bit Build 9600 (6.3.9600.17415)

CPU:total 4 (2 cores per cpu, 2 threads per core) family 6 model 60 stepping 3, cmov, cx8, fxsr, mmx, sse, sse2, sse3, ssse3, sse4.1, sse4.2, popcnt, avx, avx2, aes, clmul, erms, lzcnt, ht, tsc, tscinvbit, bmi1, bmi2

Memory: 4k page, physical 4104472k(1571924k free), swap 6594840k(2974728k free)

vm_info: Java HotSpot(TM) 64-Bit Server VM (25.101-b13) for windows-amd64 JRE (1.8.0_101-b13), built on Jun 22 2016 01:21:29 by "java_re" with MS VC++ 10.0 (VS2010)

time: Thu Nov 03 19:02:44 2016
elapsed time: 708 seconds (0d 0h 11m 48s)

